n071.hpc
Wed Jul 31 17:01:42 KST 2024
Data(edge_index=[2, 66], x=[30, 2], edge_attr=[66, 2], id=[1], negative_edge_index=[2, 33])
Adam (
Parameter Group 0
    amsgrad: False
    betas: (0.9, 0.999)
    eps: 1e-08
    lr: 0.001
    maximize: False
    weight_decay: 0
)
====epoch 1
0.5049536728242453
1.7051636213012311
====epoch 2
0.5009411238534476
1.5030414165134498
====epoch 3
0.500063997591787
1.3864719875946572
====epoch 4
0.5000639978168686
1.386471821675225
====epoch 5
0.5000639976108617
1.386471870643813
====epoch 6
0.5000639978092387
1.3864719047341296
====epoch 7
0.5000639975688974
1.3864719040016609
====epoch 8
0.5000639976299365
1.3864719033149713
====epoch 9
0.5000639975116733
1.3864719045357525
====epoch 10
0.5000639977024204
1.3864719034828288
====epoch 11
0.5000639976299365
1.3864719038490632
====epoch 12
0.5000639975956019
1.3864719049477663
====epoch 13
0.5000639976108617
1.3864719034980886
====epoch 14
0.5000639973819653
1.3864719020026315
====epoch 15
0.5000639973781503
1.3864719040779596
====epoch 16
0.500063997652826
1.3864719048867271
====epoch 17
0.5000639977405698
1.3864719036354265
====epoch 18
0.5000639977710892
1.3864719047799088
====epoch 19
0.5000639975460077
1.3864719052682213
====epoch 20
0.5000639975460077
1.3864719026588015
====epoch 21
0.5000639975002285
1.3864719037422448
====epoch 22
0.5000639975116733
1.3864719034217896
====epoch 23
0.5000639977749042
1.3864719049782859
====epoch 24
0.5000639978626479
1.3864719045662721
====epoch 25
0.5000639975841572
1.3864719037422448
====epoch 26
0.5000639977825341
1.3864719039711413
====epoch 27
0.5000639974697089
1.3864719039406217
====epoch 28
0.5000639976871606
1.3864719029182175
====epoch 29
0.500063997206478
1.3864719020636707
====epoch 30
0.500063997526933
1.3864719043373757
====epoch 31
0.5000639975078583
1.3864719041389988
====epoch 32
0.5000639974315595
1.3864719034370494
====epoch 33
0.5000639976947905
1.3864719045357525
====epoch 34
0.5000639974620791
1.386471903910102
====epoch 35
0.5000639975765273
1.3864719049172467
====epoch 36
0.5000639975040434
1.3864719053902994
====epoch 37
0.5000639973972251
1.3864719036201667
====epoch 38
0.500063997587972
1.386471904764649
====epoch 39
0.5000639977062353
1.3864719051308834
====epoch 40
0.5000639975383778
1.38647190404744
====epoch 41
0.5000639972446274
1.3864719025519832
====epoch 42
0.5000639976909755
1.386471902887698
====epoch 43
0.5000639974506342
1.386471902887698
====epoch 44
0.5000639975612675
1.386471902933477
====epoch 45
0.5000639976146767
1.3864719040321802
====epoch 46
0.5000639975498227
1.3864719030402957
====epoch 47
0.500063997660456
1.3864719039558815
====epoch 48
0.5000639977138651
1.3864719028724382
====epoch 49
0.5000639978359432
1.3864719038338034
====epoch 50
0.5000639977672744
1.3864719041542584
====epoch 51
0.5000639976032318
1.3864719047341296
====epoch 52
0.5000639975727124
1.3864719034523092
====epoch 53
0.5000639976337514
1.3864719030250359
====epoch 54
0.500063997656641
1.3864719041084792
====epoch 55
0.5000639977749042
1.3864719057107546
====epoch 56
0.5000639977939789
1.386471904963026
====epoch 57
0.5000639974658939
1.3864719025367234
====epoch 58
0.5000639974964135
1.3864719035896471
====epoch 59
0.5000639975345629
1.3864719035743873
====epoch 60
0.5000639975345629
1.386471903330231
====epoch 61
0.5000639976413813
1.3864719037422448
====epoch 62
0.5000639976299365
1.3864719044747136
====epoch 63
0.5000639974735238
1.3864719029945163
====epoch 64
0.5000639975421928
1.386471903910102
====epoch 65
0.5000639976146767
1.3864719035133484
====epoch 66
0.5000639976032318
1.386471904184778
====epoch 67
0.5000639974353744
1.3864719034523092
====epoch 68
0.5000639976680858
1.3864719033912702
====epoch 69
0.5000639973094814
1.3864719033149713
====epoch 70
0.5000639974811537
1.3864719022773073
====epoch 71
0.5000639974201146
1.3864719031623738
====epoch 72
0.5000639975421928
1.3864719027045806
====epoch 73
0.5000639976986054
1.3864719067331588
====epoch 74
0.5000639976451963
1.386471904840948
====epoch 75
0.5000639974124848
1.386471903910102
====epoch 76
0.5000639977367548
1.3864719033912702
====epoch 77
0.5000639974735238
1.3864719046273113
====epoch 78
0.5000639975460077
1.3864719056954948
====epoch 79
0.5000639976184916
1.3864719036506863
====epoch 80
0.5000639976261215
1.3864719040321802
====epoch 81
0.5000639973132963
1.3864719031013346
====epoch 82
0.5000639977329399
1.386471906214327
====epoch 83
0.5000639976795307
1.3864719044747136
====epoch 84
0.5000639976490111
1.3864719050545846
====epoch 85
0.5000639976833456
1.3864719045662721
====epoch 86
0.5000639975231181
1.3864719029182175
====epoch 87
0.5000639974430043
1.3864719045204927
====epoch 88
0.5000639977291249
1.3864719041695182
====epoch 89
0.5000639975688974
1.386471903986401
====epoch 90
0.5000639976223066
1.3864719035286082
====epoch 91
0.5000639974201146
1.3864719037422448
====epoch 92
0.5000639975002285
1.3864719028724382
====epoch 93
0.500063997587972
1.3864719046883502
====epoch 94
