n089.hpc
Wed Jul 31 17:56:44 KST 2024
Data(x=[30, 2], edge_index=[2, 66], id=[1], edge_attr=[66, 2], negative_edge_index=[2, 33])
Adam (
Parameter Group 0
    amsgrad: False
    betas: (0.9, 0.999)
    eps: 1e-08
    lr: 0.001
    maximize: False
    weight_decay: 0
)
====epoch 1
0.7556408161285042
3.3766962366566804
====epoch 2
0.8037898872930822
0.8903709994452584
====epoch 3
0.8122102735870261
0.8381405088438233
====epoch 4
0.8174241998686402
0.8115580947168411
====epoch 5
0.8209168354761766
0.7941394221215021
====epoch 6
0.8234287263168412
0.7813656786375637
====epoch 7
0.825165383269771
0.7721720139414484
====epoch 8
0.8264070437831019
0.7654008551234168
====epoch 9
0.8275036913840147
0.7598051053328326
====epoch 10
0.828337853061988
0.754789112831041
====epoch 11
0.8289809046085224
0.750826132157126
====epoch 12
0.8296965113280678
0.7469063009961837
====epoch 13
0.8304537276976303
0.742888342362151
====epoch 14
0.8310579490460193
0.7393326944668234
====epoch 15
0.831548573082066
0.7363483479129188
====epoch 16
0.8319336668503815
0.7338268056290612
====epoch 17
0.8321986360484005
0.7318719339581312
====epoch 18
0.8328182719422803
0.729474352893009
====epoch 19
0.8334284649100355
0.7273051190608231
====epoch 20
0.833889565457763
0.7249668889010923
====epoch 21
0.8342251870962393
0.7229811492572976
====epoch 22
0.8343663926894885
0.7216505932612597
====epoch 23
0.834626103082316
0.7204427949157178
====epoch 24
0.8349951120504525
0.7185972536214486
====epoch 25
0.8352381017534048
0.7171878771206933
====epoch 26
0.835798560955008
0.7154384568997426
====epoch 27
0.8361456189028007
0.7137466932161002
====epoch 28
0.8363799424627409
0.7123486945263496
====epoch 29
0.8366325923985112
0.7108690106542185
====epoch 30
0.8368057485152927
0.7096791492095069
====epoch 31
0.8369848789905684
0.7085413705811279
====epoch 32
0.8372390186228145
0.7075601646183578
====epoch 33
0.8375838621954886
0.706157775426973
====epoch 34
0.8379224696894273
0.7047801820653802
====epoch 35
0.8381810788078548
0.7037339424986261
====epoch 36
0.8386026062128548
0.7023998619545073
====epoch 37
0.8388070904454755
0.7011653639021374
====epoch 38
0.8389435697917259
0.7004289955999444
====epoch 39
0.8390996544652881
0.6994150775902954
====epoch 40
0.8392215277055441
0.6987369983884779
====epoch 41
0.8393332631509852
0.6979333853193631
====epoch 42
0.8394453402930996
0.6972187361348549
====epoch 43
0.8396229398247528
0.696514799122742
====epoch 44
0.8396556285470801
0.6959636293187608
====epoch 45
0.8398354305283449
0.6951320843625178
====epoch 46
0.839973002504338
0.6946001893898431
====epoch 47
0.8401409171357621
0.6938466897117012
====epoch 48
0.8402230812001094
0.6932232739204514
====epoch 49
0.8403278535076489
0.6927664416131153
====epoch 50
0.8404791808576995
0.6920099997605902
====epoch 51
0.8404329699229046
0.6915707734613252
====epoch 52
0.8405151980858977
0.6912485514078395
====epoch 53
0.8406913594380441
0.6903868540091449
====epoch 54
0.8407897674237772
0.6900879152908853
====epoch 55
0.8408350353660916
0.6895309996205113
====epoch 56
0.8409197620944493
0.6889181340879131
====epoch 57
0.8410758936231221
0.6883561804669366
====epoch 58
0.8411342545054353
0.6880582172368285
====epoch 59
0.841246819158914
0.6872744928612443
====epoch 60
0.8413321042802476
0.6867540602768255
====epoch 61
0.8413561570204897
0.6862147508891985
====epoch 62
0.8414014523311938
0.6857829497782805
====epoch 63
0.8414780332211403
0.6851774763279674
====epoch 64
0.8415671134004212
0.684741653788108
====epoch 65
0.8416137240800379
0.6844384908767706
====epoch 66
0.8416903874947972
0.6838431213140732
====epoch 67
0.8417673957955208
0.6834326800372865
====epoch 68
0.8418691442355216
0.6830320326383457
====epoch 69
0.8420453820238343
0.6822141301873031
====epoch 70
0.8420498989068479
0.6818940530312226
====epoch 71
0.8420583305072613
0.6815218528951063
====epoch 72
0.8420483542294364
0.6813040820684301
====epoch 73
0.8421567528753237
0.680676070768224
====epoch 74
0.8422028586474432
0.6802261968530025
====epoch 75
0.8422240627251463
0.6800442784795746
====epoch 76
0.8422254941445769
0.6796095290903672
====epoch 77
0.8423581414279484
0.6790189637673311
====epoch 78
0.8424020292160148
0.6787009574682726
====epoch 79
0.8425098050040462
0.6782208022952874
====epoch 80
0.8425537266764224
0.6776895745329776
====epoch 81
0.8425975519070794
0.677351059185134
====epoch 82
0.842644068029558
0.6772306733676488
====epoch 83
0.8427098195215891
0.6766782349125275
====epoch 84
0.8426988693349983
0.6764997781024977
====epoch 85
0.8427774157361745
0.6760678009320331
====epoch 86
0.8428959609207226
0.6757090107651778
====epoch 87
0.842937563642806
0.6752950722934402
====epoch 88
0.8429940745455756
0.6752185557615555
====epoch 89
0.8429919452131314
0.6749235547571627
====epoch 90
0.8430632275461968
0.6746772306275503
====epoch 91
0.8431756184825028
0.6743867929187483
====epoch 92
0.8431750679711959
0.6743861038106195
====epoch 93
