n084.hpc
Thu Aug  1 12:42:34 KST 2024
Data(edge_index=[2, 66], id=[1], x=[30, 2], edge_attr=[66, 2], negative_edge_index=[2, 33])
Adam (
Parameter Group 0
    amsgrad: False
    betas: (0.9, 0.999)
    eps: 1e-08
    lr: 0.001
    maximize: False
    weight_decay: 0
)
====epoch 1
0.7572259913101845
3.4116801862541495
====epoch 2
0.8038003874920724
0.891511731174013
====epoch 3
0.8116837142753528
0.8409970431024456
====epoch 4
0.8172014864267475
0.8142650382706769
====epoch 5
0.8207029256448951
0.7972294691429344
====epoch 6
0.8224359629279946
0.7868223927278001
====epoch 7
0.8241008408424858
0.7784487807057908
====epoch 8
0.825067813762383
0.7724845387800742
====epoch 9
0.826403391724419
0.7669832179913201
====epoch 10
0.8278845868855944
0.7608761860432529
====epoch 11
0.828832924907719
0.7555041788970881
====epoch 12
0.82931691105251
0.7513235962076549
====epoch 13
0.8300361596524746
0.7473929554330833
====epoch 14
0.8304813803234163
0.7443000605426199
====epoch 15
0.8309840012591616
0.7413869111265089
====epoch 16
0.8316278981280462
0.738580322592184
====epoch 17
0.8321979643898137
0.7360152251221129
====epoch 18
0.8329304435652338
0.7330756702150861
====epoch 19
0.8333647194668017
0.7306890645990968
====epoch 20
0.8337253899343552
0.728535804918529
====epoch 21
0.8340619765317446
0.7266492883684814
====epoch 22
0.834314351105043
0.7251977382472888
====epoch 23
0.8345841535286481
0.7238188720610101
====epoch 24
0.8350642728106644
0.722092806919074
====epoch 25
0.835381194758403
0.7204035912653268
====epoch 26
0.8356606016785318
0.7186848030707437
====epoch 27
0.8358447560196465
0.7171671409760753
====epoch 28
0.8359817008345297
0.7160307463016256
====epoch 29
0.8362095928305061
0.7146216928043306
====epoch 30
0.8362934444418212
0.7137356608861908
====epoch 31
0.8364866376609846
0.7125757051030002
====epoch 32
0.8366671164891565
0.7116258775827766
====epoch 33
0.8369629905352639
0.7103327471768618
====epoch 34
0.8371510433879072
0.7089572472262248
====epoch 35
0.8372128815664368
0.7081231922903124
====epoch 36
0.8374734734014798
0.7067822474839439
====epoch 37
0.8376055884394839
0.7055256568616436
====epoch 38
0.8376476714703223
0.7046462669777858
====epoch 39
0.8379336636278852
0.703339824684754
====epoch 40
0.8380414650675827
0.7023906320013026
====epoch 41
0.8382500122280775
0.7014285788603826
====epoch 42
0.8383494621277222
0.7003515673428392
====epoch 43
0.8386256017794197
0.6993168740854224
====epoch 44
0.8386052958304859
0.6988058757901009
====epoch 45
0.838845565831179
0.6971596577841382
====epoch 46
0.838891976623125
0.6965259925194783
====epoch 47
0.8391035427756635
0.6955613704122645
====epoch 48
0.839262745446629
0.6946015024163817
====epoch 49
0.8394141851161848
0.6938791168206054
====epoch 50
0.8395701888443199
0.6927750021280292
====epoch 51
0.8395459266332742
0.6921111179875278
====epoch 52
0.839592021708298
0.6915016271063321
====epoch 53
0.8398496608397196
0.6905606491209847
====epoch 54
0.8399465714075354
0.6899766954424073
====epoch 55
0.840004400189449
0.6893158946214916
====epoch 56
0.8401509574206744
0.6886286719893409
====epoch 57
0.8402099342634296
0.6880637240055825
====epoch 58
0.8403088071226646
0.6877982670901924
====epoch 59
0.8403045001072085
0.6874533719929193
====epoch 60
0.8405238055780003
0.6864150132787453
====epoch 61
0.8406066958088174
0.6858823215402949
====epoch 62
0.8407522616206958
0.6852653947431371
====epoch 63
0.8408989110590553
0.6845850427365584
====epoch 64
0.8410483345549594
0.6839614101345577
====epoch 65
0.8410639023084977
0.683505154364059
====epoch 66
0.8411804026462942
0.6827549924620957
====epoch 67
0.8412737506081737
0.6823304420212142
====epoch 68
0.8412826395666544
0.6819576878869344
====epoch 69
0.8413893871516737
0.6813662384664836
====epoch 70
0.8414414448809514
0.6809409620803988
====epoch 71
0.8414792932734023
0.6805140760560799
====epoch 72
0.8415378629703493
0.6803385511200916
====epoch 73
0.8416628386811971
0.6797175735265734
====epoch 74
0.8417563442077871
0.6793026612528885
====epoch 75
0.8418327851962017
0.6790357166782014
====epoch 76
0.841845267104663
0.6786260808728868
====epoch 77
0.8419774578997739
0.678104054924774
====epoch 78
0.8420465041888535
0.6778021895665727
====epoch 79
0.842111283130238
0.677414996542811
====epoch 80
0.8421961273740514
0.6767272431149705
====epoch 81
0.8422581267567457
0.6763684753570811
====epoch 82
0.8422999416658711
0.6761872112689968
====epoch 83
0.8423662821314485
0.6758340047038157
====epoch 84
0.8424039886233383
0.6754007743479835
====epoch 85
0.8424757338995452
0.6749762274092183
====epoch 86
0.8426180508691594
0.6745379871578627
====epoch 87
0.842640258505353
0.6741453887283405
====epoch 88
0.8427118184440757
0.6739473109268496
====epoch 89
0.8427518312588022
0.6736553733661976
====epoch 90
0.842764171152254
0.6733311022924144
====epoch 91
0.8429329646012139
0.6727365535601432
====epoch 92
0.8429491709301671
0.67265516682826
====epoch 93
0.8429778675299331
0.6722916826964401
====epoch 94
0.8430607464532637
0.6718731006017051
====epoch 95
0.8431964946736206
0.6714608090172898
====epoch 96
