n082.hpc
Wed Jul 31 16:55:42 KST 2024
Data(id=[1], edge_index=[2, 66], edge_attr=[66, 2], x=[30, 2], negative_edge_index=[2, 33])
Adam (
Parameter Group 0
    amsgrad: False
    betas: (0.9, 0.999)
    eps: 1e-08
    lr: 0.001
    maximize: False
    weight_decay: 0
)
====epoch 1
0.5118807910903869
1.8489540370073432
====epoch 2
0.7122088978520065
1.319657084838708
====epoch 3
0.8082112676811658
0.8532136079368381
====epoch 4
0.8239547042619615
0.7912175418686025
====epoch 5
0.8335975857343786
0.7544426795493867
====epoch 6
0.8470240978326665
0.7074779061799896
====epoch 7
0.8621764151075224
0.6565844030546275
====epoch 8
0.8719111811302896
0.6247704852347611
====epoch 9
0.8795533659164563
0.598638131772013
====epoch 10
0.8854101691652553
0.5773022623853811
====epoch 11
0.889969727395439
0.5594503840787314
====epoch 12
0.8936264992630061
0.5439169125996732
====epoch 13
0.8971513008009271
0.5314889181227911
====epoch 14
0.9000013219016183
0.5212628631387621
====epoch 15
0.9025464515181242
0.5106409618290522
====epoch 16
0.9047747009910196
0.501885074765421
====epoch 17
0.9065723813196603
0.4938036409391236
====epoch 18
0.9081254043428946
0.4873191912930804
====epoch 19
0.9096580314532464
0.4808813515903702
====epoch 20
0.9111726135931074
0.47475622275808926
====epoch 21
0.9122681897753516
0.4695672074869786
====epoch 22
0.9134260218416919
0.46469336958707935
====epoch 23
0.9145022776193394
0.4598018139432896
====epoch 24
0.9156299766002407
0.4546655572557901
====epoch 25
0.9164616340362165
0.4514527151783613
====epoch 26
0.917116293442353
0.4486325874207451
====epoch 27
0.9177911319277314
0.44485363738465417
====epoch 28
0.9183431698674125
0.44228226635023316
====epoch 29
0.9190922514695238
0.4383962350972359
====epoch 30
0.9195930528308084
0.4368556289262669
====epoch 31
0.9204333651709788
0.43280443890593445
====epoch 32
0.9210441959511605
0.43064602311458333
====epoch 33
0.9216240822917916
0.42782565725121324
====epoch 34
0.9220417595892397
0.4259028796600612
====epoch 35
0.9225060267062049
0.42406895090632724
====epoch 36
0.9229601748283863
0.42161637566377125
====epoch 37
0.9233945676502788
0.4195290863994629
====epoch 38
0.9238614980236298
0.41753923175002877
====epoch 39
0.9243792202523959
0.41589146726981713
====epoch 40
0.9247774622468417
0.4134294737265834
====epoch 41
0.925171992677148
0.4114960568093423
====epoch 42
0.9255312948625514
0.4100749152466937
====epoch 43
0.9259438127874412
0.4082623801999561
====epoch 44
0.9263990290550714
0.40594396334669863
====epoch 45
0.9265177201306094
0.4051467478046403
====epoch 46
0.9269249111841229
0.40344318193972445
====epoch 47
0.9272688266273285
0.40217509214931796
====epoch 48
0.9275600542960506
0.40086089624344723
====epoch 49
0.927885492093369
0.3992094400940159
====epoch 50
0.927253443707702
0.40906556549587436
====epoch 51
0.9290386109445502
0.39355507194690686
====epoch 52
0.9286772247710963
0.39571904935060986
====epoch 53
0.9287914794054755
0.39488458601758836
====epoch 54
0.9293102729613514
0.3927336846193593
====epoch 55
0.9294957360639001
0.3916896600610039
====epoch 56
0.9297851496898267
0.3913754162250332
====epoch 57
0.9299830251468247
0.3898260535694243
====epoch 58
0.9302392200406124
0.3882229516117681
====epoch 59
0.9304502310657647
0.3871148435834793
====epoch 60
0.930681074247016
0.3866159786139765
====epoch 61
0.9308640071354459
0.384750161424882
====epoch 62
0.9311211241921339
0.38419431503680934
====epoch 63
0.9313586826545425
0.3830240665340326
====epoch 64
0.9314773240290235
0.38259065605955617
====epoch 65
0.9316568918110344
0.3809239974791919
====epoch 66
0.9314213695049408
0.3877856588392641
====epoch 67
0.9322892882261774
0.37786758347727734
====epoch 68
0.9319188052562342
0.4080564207485622
====epoch 69
0.9324298213368126
0.37789932211133315
====epoch 70
0.9324726898183104
0.37735505648151885
====epoch 71
0.9325827437215015
0.37664168592422237
====epoch 72
0.9328737144081396
0.37458172826982433
====epoch 73
0.933055461002385
0.37494493160669584
====epoch 74
0.9331398081440713
0.37411575995603097
====epoch 75
0.9332850649762141
0.37401312027704514
====epoch 76
0.9335264928268886
0.3724250206032351
====epoch 77
0.9335658529203974
0.372113033919321
====epoch 78
0.9337984526074976
0.37143548140068633
====epoch 79
0.933931334151162
0.3706609659541648
====epoch 80
0.9340083789608751
0.3706778943218211
====epoch 81
0.9341837813914646
0.36958113285253674
====epoch 82
0.9344377136969041
0.3681998556843185
====epoch 83
0.9344723355187188
0.3675396490290845
====epoch 84
0.934617835507598
0.36662794659901327
====epoch 85
0.9347315947794633
0.3667579713733881
====epoch 86
0.9348654721678066
0.3660036157673588
====epoch 87
0.9349551500263302
0.365493886138437
====epoch 88
0.9351246642245431
0.36473438529420743
====epoch 89
0.9353135340774115
0.3643670628468196
====epoch 90
0.9353192649587142
0.36332480185958466
====epoch 91
0.9354059051853904
0.3632705758434958
====epoch 92
0.9355475665573212
0.3624188517851214
====epoch 93
0.9356173084704497
0.36156609120334776
====epoch 94
